{"/Users/sam/Projects/exam-mock/exam-mock.js":{"path":"/Users/sam/Projects/exam-mock/exam-mock.js","s":{"1":1,"2":1,"3":1,"4":15,"5":15,"6":3,"7":3,"8":15,"9":15,"10":15,"11":6,"12":15,"13":15,"14":15,"15":1,"16":16,"17":0,"18":0,"19":0,"20":0,"21":0,"22":0,"23":16,"24":4,"25":16,"26":16,"27":15,"28":30,"29":30,"30":44,"31":10,"32":34,"33":15,"34":11,"35":16,"36":1,"37":11,"38":0,"39":0,"40":11,"41":1,"42":18,"43":1,"44":0,"45":0,"46":0,"47":1,"48":1,"49":7,"50":7,"51":6,"52":6,"53":1,"54":1,"55":0,"56":0,"57":0,"58":0,"59":1,"60":1,"61":6,"62":6,"63":2,"64":2,"65":1,"66":3,"67":1,"68":5,"69":5,"70":3,"71":3,"72":1,"73":1,"74":0,"75":0,"76":0,"77":0,"78":0,"79":0,"80":1,"81":1,"82":0,"83":0,"84":0,"85":0,"86":0,"87":0,"88":0,"89":1,"90":0,"91":0,"92":0,"93":0,"94":1,"95":0,"96":0,"97":0,"98":1,"99":0,"100":0,"101":0,"102":0,"103":0,"104":0,"105":0,"106":0,"107":0,"108":0,"109":0,"110":0,"111":0,"112":0,"113":0,"114":0,"115":1,"116":0,"117":0,"118":0,"119":1,"120":1,"121":1,"122":4,"123":4,"124":4,"125":4,"126":4,"127":4,"128":4,"129":4,"130":4,"131":1,"132":1,"133":1,"134":0,"135":1,"136":0,"137":1,"138":1,"139":1,"140":29,"141":20,"142":9,"143":1,"144":1,"145":1,"146":1,"147":46,"148":1,"149":1,"150":6,"151":6,"152":6,"153":6,"154":6,"155":1,"156":1,"157":1,"158":1,"159":2,"160":1,"161":1,"162":1,"163":1,"164":1,"165":1,"166":1,"167":1,"168":1,"169":22,"170":1,"171":1,"172":1,"173":8,"174":1,"175":1,"176":8,"177":0,"178":0,"179":0,"180":0,"181":0,"182":1,"183":6,"184":0,"185":6,"186":6,"187":6,"188":6,"189":1,"190":1,"191":1,"192":0,"193":0,"194":1,"195":6,"196":0,"197":1,"198":4,"199":4,"200":4,"201":4,"202":4,"203":4,"204":4,"205":4,"206":4,"207":1,"208":1,"209":3,"210":0,"211":0},"b":{"1":[3,12],"2":[5,10],"3":[6,9],"4":[0,16],"5":[4,12],"6":[15,1],"7":[30,22],"8":[10,34],"9":[11,4],"10":[0,0],"11":[3,3],"12":[3,2],"13":[2,3],"14":[0,0],"15":[0,0],"16":[0,0],"17":[0,0],"18":[0,0],"19":[0,0],"20":[0,0],"21":[0,1],"22":[0,1],"23":[20,9],"24":[1,5],"25":[1,4],"26":[1,3],"27":[1,2],"28":[1,0],"29":[1,1],"30":[1,0],"31":[0,1],"32":[0,0],"33":[7,1],"34":[1,0],"35":[0,6]},"f":{"1":15,"2":16,"3":0,"4":11,"5":0,"6":18,"7":0,"8":0,"9":6,"10":7,"11":0,"12":0,"13":2,"14":6,"15":3,"16":5,"17":0,"18":0,"19":0,"20":0,"21":0,"22":0,"23":0,"24":0,"25":0,"26":0,"27":4,"28":1,"29":29,"30":46,"31":1,"32":6,"33":6,"34":1,"35":2,"36":1,"37":22,"38":8,"39":1,"40":8,"41":0,"42":6,"43":0,"44":4,"45":3,"46":0},"fnMap":{"1":{"name":"mock","line":14,"loc":{"start":{"line":14,"column":28},"end":{"line":14,"column":63}}},"2":{"name":"unmock","line":37,"loc":{"start":{"line":37,"column":27},"end":{"line":37,"column":58}}},"3":{"name":"(anonymous_3)","line":40,"loc":{"start":{"line":40,"column":26},"end":{"line":40,"column":44}}},"4":{"name":"decorateFn","line":76,"loc":{"start":{"line":76,"column":0},"end":{"line":76,"column":25}}},"5":{"name":"(anonymous_5)","line":77,"loc":{"start":{"line":77,"column":15},"end":{"line":77,"column":32}}},"6":{"name":"finishFn","line":87,"loc":{"start":{"line":87,"column":0},"end":{"line":87,"column":23}}},"7":{"name":"(anonymous_7)","line":94,"loc":{"start":{"line":94,"column":24},"end":{"line":94,"column":36}}},"8":{"name":"(anonymous_8)","line":95,"loc":{"start":{"line":95,"column":11},"end":{"line":95,"column":23}}},"9":{"name":"(anonymous_9)","line":104,"loc":{"start":{"line":104,"column":13},"end":{"line":104,"column":25}}},"10":{"name":"fn","line":105,"loc":{"start":{"line":105,"column":2},"end":{"line":105,"column":17}}},"11":{"name":"(anonymous_11)","line":116,"loc":{"start":{"line":116,"column":11},"end":{"line":116,"column":28}}},"12":{"name":"fn","line":117,"loc":{"start":{"line":117,"column":2},"end":{"line":117,"column":17}}},"13":{"name":"(anonymous_13)","line":128,"loc":{"start":{"line":128,"column":12},"end":{"line":128,"column":29}}},"14":{"name":"fn","line":129,"loc":{"start":{"line":129,"column":2},"end":{"line":129,"column":17}}},"15":{"name":"(anonymous_15)","line":140,"loc":{"start":{"line":140,"column":14},"end":{"line":140,"column":35}}},"16":{"name":"fn","line":142,"loc":{"start":{"line":142,"column":2},"end":{"line":142,"column":21}}},"17":{"name":"(anonymous_17)","line":153,"loc":{"start":{"line":153,"column":13},"end":{"line":153,"column":32}}},"18":{"name":"fn","line":154,"loc":{"start":{"line":154,"column":2},"end":{"line":154,"column":17}}},"19":{"name":"(anonymous_19)","line":170,"loc":{"start":{"line":170,"column":10},"end":{"line":170,"column":35}}},"20":{"name":"(anonymous_20)","line":185,"loc":{"start":{"line":185,"column":15},"end":{"line":185,"column":32}}},"21":{"name":"(anonymous_21)","line":187,"loc":{"start":{"line":187,"column":16},"end":{"line":187,"column":32}}},"22":{"name":"(anonymous_22)","line":196,"loc":{"start":{"line":196,"column":12},"end":{"line":196,"column":24}}},"23":{"name":"(anonymous_23)","line":206,"loc":{"start":{"line":206,"column":11},"end":{"line":206,"column":30}}},"24":{"name":"(anonymous_24)","line":218,"loc":{"start":{"line":218,"column":18},"end":{"line":218,"column":33}}},"25":{"name":"(anonymous_25)","line":234,"loc":{"start":{"line":234,"column":13},"end":{"line":234,"column":25}}},"26":{"name":"(anonymous_26)","line":236,"loc":{"start":{"line":236,"column":18},"end":{"line":236,"column":33}}},"27":{"name":"(anonymous_27)","line":248,"loc":{"start":{"line":248,"column":12},"end":{"line":248,"column":29}}},"28":{"name":"MockDate","line":263,"loc":{"start":{"line":263,"column":0},"end":{"line":263,"column":26}}},"29":{"name":"(anonymous_29)","line":287,"loc":{"start":{"line":287,"column":15},"end":{"line":287,"column":27}}},"30":{"name":"(anonymous_30)","line":314,"loc":{"start":{"line":314,"column":16},"end":{"line":314,"column":32}}},"31":{"name":"(anonymous_31)","line":315,"loc":{"start":{"line":315,"column":29},"end":{"line":315,"column":41}}},"32":{"name":"(anonymous_32)","line":323,"loc":{"start":{"line":323,"column":16},"end":{"line":323,"column":32}}},"33":{"name":"(anonymous_33)","line":326,"loc":{"start":{"line":326,"column":18},"end":{"line":326,"column":50}}},"34":{"name":"(anonymous_34)","line":336,"loc":{"start":{"line":336,"column":18},"end":{"line":336,"column":35}}},"35":{"name":"moveTime","line":345,"loc":{"start":{"line":345,"column":0},"end":{"line":345,"column":21}}},"36":{"name":"(anonymous_36)","line":350,"loc":{"start":{"line":350,"column":22},"end":{"line":350,"column":34}}},"37":{"name":"realNow","line":365,"loc":{"start":{"line":365,"column":0},"end":{"line":365,"column":20}}},"38":{"name":"getScheduler","line":379,"loc":{"start":{"line":379,"column":0},"end":{"line":379,"column":35}}},"39":{"name":"(anonymous_39)","line":380,"loc":{"start":{"line":380,"column":9},"end":{"line":380,"column":29}}},"40":{"name":"getUnscheduler","line":393,"loc":{"start":{"line":393,"column":0},"end":{"line":393,"column":27}}},"41":{"name":"(anonymous_41)","line":395,"loc":{"start":{"line":395,"column":9},"end":{"line":395,"column":23}}},"42":{"name":"runSchedules","line":409,"loc":{"start":{"line":409,"column":0},"end":{"line":409,"column":25}}},"43":{"name":"(anonymous_43)","line":411,"loc":{"start":{"line":411,"column":17},"end":{"line":411,"column":33}}},"44":{"name":"(anonymous_44)","line":441,"loc":{"start":{"line":441,"column":14},"end":{"line":441,"column":26}}},"45":{"name":"(anonymous_45)","line":457,"loc":{"start":{"line":457,"column":16},"end":{"line":457,"column":34}}},"46":{"name":"(anonymous_46)","line":458,"loc":{"start":{"line":458,"column":17},"end":{"line":458,"column":29}}}},"statementMap":{"1":{"start":{"line":4,"column":0},"end":{"line":4,"column":22}},"2":{"start":{"line":9,"column":0},"end":{"line":9,"column":10}},"3":{"start":{"line":14,"column":0},"end":{"line":32,"column":1}},"4":{"start":{"line":15,"column":2},"end":{"line":15,"column":44}},"5":{"start":{"line":16,"column":2},"end":{"line":22,"column":3}},"6":{"start":{"line":17,"column":4},"end":{"line":17,"column":21}},"7":{"start":{"line":18,"column":4},"end":{"line":21,"column":6}},"8":{"start":{"line":23,"column":2},"end":{"line":29,"column":3}},"9":{"start":{"line":24,"column":4},"end":{"line":24,"column":50}},"10":{"start":{"line":25,"column":4},"end":{"line":27,"column":5}},"11":{"start":{"line":26,"column":6},"end":{"line":26,"column":38}},"12":{"start":{"line":28,"column":4},"end":{"line":28,"column":33}},"13":{"start":{"line":30,"column":2},"end":{"line":30,"column":28}},"14":{"start":{"line":31,"column":2},"end":{"line":31,"column":15}},"15":{"start":{"line":37,"column":0},"end":{"line":71,"column":1}},"16":{"start":{"line":39,"column":2},"end":{"line":47,"column":3}},"17":{"start":{"line":40,"column":4},"end":{"line":42,"column":6}},"18":{"start":{"line":41,"column":6},"end":{"line":41,"column":20}},"19":{"start":{"line":43,"column":4},"end":{"line":43,"column":28}},"20":{"start":{"line":44,"column":4},"end":{"line":44,"column":15}},"21":{"start":{"line":45,"column":4},"end":{"line":45,"column":17}},"22":{"start":{"line":46,"column":4},"end":{"line":46,"column":10}},"23":{"start":{"line":49,"column":2},"end":{"line":51,"column":3}},"24":{"start":{"line":50,"column":4},"end":{"line":50,"column":17}},"25":{"start":{"line":53,"column":2},"end":{"line":53,"column":44}},"26":{"start":{"line":54,"column":2},"end":{"line":69,"column":3}},"27":{"start":{"line":55,"column":4},"end":{"line":64,"column":5}},"28":{"start":{"line":56,"column":6},"end":{"line":56,"column":43}},"29":{"start":{"line":57,"column":6},"end":{"line":63,"column":7}},"30":{"start":{"line":58,"column":8},"end":{"line":62,"column":9}},"31":{"start":{"line":59,"column":10},"end":{"line":59,"column":38}},"32":{"start":{"line":61,"column":10},"end":{"line":61,"column":28}},"33":{"start":{"line":66,"column":4},"end":{"line":68,"column":5}},"34":{"start":{"line":67,"column":6},"end":{"line":67,"column":42}},"35":{"start":{"line":70,"column":2},"end":{"line":70,"column":15}},"36":{"start":{"line":76,"column":0},"end":{"line":82,"column":1}},"37":{"start":{"line":77,"column":2},"end":{"line":80,"column":3}},"38":{"start":{"line":78,"column":4},"end":{"line":78,"column":23}},"39":{"start":{"line":79,"column":4},"end":{"line":79,"column":13}},"40":{"start":{"line":81,"column":2},"end":{"line":81,"column":11}},"41":{"start":{"line":87,"column":0},"end":{"line":89,"column":1}},"42":{"start":{"line":88,"column":2},"end":{"line":88,"column":20}},"43":{"start":{"line":94,"column":0},"end":{"line":99,"column":1}},"44":{"start":{"line":95,"column":2},"end":{"line":97,"column":3}},"45":{"start":{"line":96,"column":4},"end":{"line":96,"column":23}},"46":{"start":{"line":98,"column":2},"end":{"line":98,"column":23}},"47":{"start":{"line":104,"column":0},"end":{"line":111,"column":1}},"48":{"start":{"line":105,"column":2},"end":{"line":108,"column":3}},"49":{"start":{"line":106,"column":4},"end":{"line":106,"column":14}},"50":{"start":{"line":107,"column":4},"end":{"line":107,"column":23}},"51":{"start":{"line":109,"column":2},"end":{"line":109,"column":14}},"52":{"start":{"line":110,"column":2},"end":{"line":110,"column":23}},"53":{"start":{"line":116,"column":0},"end":{"line":123,"column":1}},"54":{"start":{"line":117,"column":2},"end":{"line":120,"column":3}},"55":{"start":{"line":118,"column":4},"end":{"line":118,"column":58}},"56":{"start":{"line":119,"column":4},"end":{"line":119,"column":23}},"57":{"start":{"line":121,"column":2},"end":{"line":121,"column":15}},"58":{"start":{"line":122,"column":2},"end":{"line":122,"column":23}},"59":{"start":{"line":128,"column":0},"end":{"line":135,"column":1}},"60":{"start":{"line":129,"column":2},"end":{"line":132,"column":3}},"61":{"start":{"line":130,"column":4},"end":{"line":130,"column":62}},"62":{"start":{"line":131,"column":4},"end":{"line":131,"column":23}},"63":{"start":{"line":133,"column":2},"end":{"line":133,"column":15}},"64":{"start":{"line":134,"column":2},"end":{"line":134,"column":23}},"65":{"start":{"line":140,"column":0},"end":{"line":148,"column":1}},"66":{"start":{"line":141,"column":2},"end":{"line":141,"column":29}},"67":{"start":{"line":142,"column":2},"end":{"line":145,"column":3}},"68":{"start":{"line":143,"column":4},"end":{"line":143,"column":50}},"69":{"start":{"line":144,"column":4},"end":{"line":144,"column":23}},"70":{"start":{"line":146,"column":2},"end":{"line":146,"column":15}},"71":{"start":{"line":147,"column":2},"end":{"line":147,"column":23}},"72":{"start":{"line":153,"column":0},"end":{"line":162,"column":1}},"73":{"start":{"line":154,"column":2},"end":{"line":159,"column":3}},"74":{"start":{"line":155,"column":4},"end":{"line":155,"column":34}},"75":{"start":{"line":156,"column":4},"end":{"line":156,"column":31}},"76":{"start":{"line":157,"column":4},"end":{"line":157,"column":24}},"77":{"start":{"line":158,"column":4},"end":{"line":158,"column":15}},"78":{"start":{"line":160,"column":2},"end":{"line":160,"column":15}},"79":{"start":{"line":161,"column":2},"end":{"line":161,"column":23}},"80":{"start":{"line":165,"column":0},"end":{"line":165,"column":22}},"81":{"start":{"line":170,"column":0},"end":{"line":180,"column":1}},"82":{"start":{"line":171,"column":2},"end":{"line":171,"column":29}},"83":{"start":{"line":172,"column":2},"end":{"line":172,"column":8}},"84":{"start":{"line":173,"column":2},"end":{"line":178,"column":3}},"85":{"start":{"line":174,"column":4},"end":{"line":174,"column":26}},"86":{"start":{"line":176,"column":4},"end":{"line":176,"column":18}},"87":{"start":{"line":177,"column":4},"end":{"line":177,"column":22}},"88":{"start":{"line":179,"column":2},"end":{"line":179,"column":11}},"89":{"start":{"line":185,"column":0},"end":{"line":191,"column":1}},"90":{"start":{"line":186,"column":2},"end":{"line":186,"column":15}},"91":{"start":{"line":187,"column":2},"end":{"line":189,"column":4}},"92":{"start":{"line":188,"column":4},"end":{"line":188,"column":38}},"93":{"start":{"line":190,"column":2},"end":{"line":190,"column":13}},"94":{"start":{"line":196,"column":0},"end":{"line":201,"column":1}},"95":{"start":{"line":197,"column":2},"end":{"line":200,"column":3}},"96":{"start":{"line":198,"column":4},"end":{"line":198,"column":20}},"97":{"start":{"line":199,"column":4},"end":{"line":199,"column":17}},"98":{"start":{"line":206,"column":0},"end":{"line":229,"column":1}},"99":{"start":{"line":207,"column":2},"end":{"line":207,"column":25}},"100":{"start":{"line":208,"column":2},"end":{"line":210,"column":3}},"101":{"start":{"line":209,"column":4},"end":{"line":209,"column":70}},"102":{"start":{"line":211,"column":2},"end":{"line":213,"column":3}},"103":{"start":{"line":212,"column":4},"end":{"line":212,"column":58}},"104":{"start":{"line":214,"column":2},"end":{"line":216,"column":3}},"105":{"start":{"line":215,"column":4},"end":{"line":215,"column":28}},"106":{"start":{"line":217,"column":2},"end":{"line":217,"column":33}},"107":{"start":{"line":218,"column":2},"end":{"line":228,"column":4}},"108":{"start":{"line":219,"column":4},"end":{"line":219,"column":22}},"109":{"start":{"line":220,"column":4},"end":{"line":220,"column":15}},"110":{"start":{"line":221,"column":4},"end":{"line":221,"column":18}},"111":{"start":{"line":222,"column":4},"end":{"line":226,"column":5}},"112":{"start":{"line":223,"column":6},"end":{"line":225,"column":7}},"113":{"start":{"line":224,"column":8},"end":{"line":224,"column":33}},"114":{"start":{"line":227,"column":4},"end":{"line":227,"column":20}},"115":{"start":{"line":234,"column":0},"end":{"line":239,"column":1}},"116":{"start":{"line":235,"column":2},"end":{"line":235,"column":33}},"117":{"start":{"line":236,"column":2},"end":{"line":238,"column":4}},"118":{"start":{"line":237,"column":4},"end":{"line":237,"column":24}},"119":{"start":{"line":242,"column":0},"end":{"line":242,"column":30}},"120":{"start":{"line":243,"column":0},"end":{"line":243,"column":18}},"121":{"start":{"line":248,"column":0},"end":{"line":258,"column":1}},"122":{"start":{"line":249,"column":2},"end":{"line":249,"column":35}},"123":{"start":{"line":250,"column":2},"end":{"line":250,"column":42}},"124":{"start":{"line":251,"column":2},"end":{"line":251,"column":40}},"125":{"start":{"line":252,"column":2},"end":{"line":252,"column":24}},"126":{"start":{"line":253,"column":2},"end":{"line":253,"column":41}},"127":{"start":{"line":254,"column":2},"end":{"line":254,"column":41}},"128":{"start":{"line":255,"column":2},"end":{"line":255,"column":40}},"129":{"start":{"line":256,"column":2},"end":{"line":256,"column":41}},"130":{"start":{"line":257,"column":2},"end":{"line":257,"column":18}},"131":{"start":{"line":263,"column":0},"end":{"line":282,"column":1}},"132":{"start":{"line":265,"column":2},"end":{"line":265,"column":15}},"133":{"start":{"line":267,"column":2},"end":{"line":277,"column":3}},"134":{"start":{"line":268,"column":4},"end":{"line":268,"column":38}},"135":{"start":{"line":271,"column":9},"end":{"line":277,"column":3}},"136":{"start":{"line":272,"column":4},"end":{"line":272,"column":33}},"137":{"start":{"line":276,"column":4},"end":{"line":276,"column":56}},"138":{"start":{"line":278,"column":2},"end":{"line":281,"column":4}},"139":{"start":{"line":287,"column":0},"end":{"line":296,"column":1}},"140":{"start":{"line":289,"column":2},"end":{"line":295,"column":3}},"141":{"start":{"line":290,"column":4},"end":{"line":290,"column":20}},"142":{"start":{"line":294,"column":4},"end":{"line":294,"column":34}},"143":{"start":{"line":299,"column":0},"end":{"line":299,"column":34}},"144":{"start":{"line":300,"column":0},"end":{"line":300,"column":30}},"145":{"start":{"line":303,"column":0},"end":{"line":313,"column":12}},"146":{"start":{"line":314,"column":0},"end":{"line":318,"column":2}},"147":{"start":{"line":315,"column":2},"end":{"line":317,"column":3}},"148":{"start":{"line":316,"column":4},"end":{"line":316,"column":68}},"149":{"start":{"line":323,"column":0},"end":{"line":330,"column":1}},"150":{"start":{"line":324,"column":2},"end":{"line":324,"column":69}},"151":{"start":{"line":325,"column":2},"end":{"line":325,"column":18}},"152":{"start":{"line":326,"column":2},"end":{"line":328,"column":4}},"153":{"start":{"line":327,"column":4},"end":{"line":327,"column":82}},"154":{"start":{"line":329,"column":2},"end":{"line":329,"column":16}},"155":{"start":{"line":336,"column":0},"end":{"line":340,"column":1}},"156":{"start":{"line":338,"column":2},"end":{"line":338,"column":33}},"157":{"start":{"line":339,"column":2},"end":{"line":339,"column":12}},"158":{"start":{"line":345,"column":0},"end":{"line":360,"column":1}},"159":{"start":{"line":346,"column":2},"end":{"line":359,"column":3}},"160":{"start":{"line":348,"column":4},"end":{"line":348,"column":40}},"161":{"start":{"line":350,"column":4},"end":{"line":358,"column":9}},"162":{"start":{"line":351,"column":6},"end":{"line":351,"column":25}},"163":{"start":{"line":352,"column":6},"end":{"line":352,"column":50}},"164":{"start":{"line":353,"column":6},"end":{"line":356,"column":7}},"165":{"start":{"line":354,"column":8},"end":{"line":354,"column":44}},"166":{"start":{"line":355,"column":8},"end":{"line":355,"column":26}},"167":{"start":{"line":357,"column":6},"end":{"line":357,"column":16}},"168":{"start":{"line":365,"column":0},"end":{"line":368,"column":1}},"169":{"start":{"line":367,"column":2},"end":{"line":367,"column":38}},"170":{"start":{"line":373,"column":0},"end":{"line":373,"column":18}},"171":{"start":{"line":374,"column":0},"end":{"line":374,"column":16}},"172":{"start":{"line":379,"column":0},"end":{"line":388,"column":1}},"173":{"start":{"line":380,"column":2},"end":{"line":387,"column":3}},"174":{"start":{"line":381,"column":4},"end":{"line":386,"column":6}},"175":{"start":{"line":393,"column":0},"end":{"line":404,"column":1}},"176":{"start":{"line":395,"column":2},"end":{"line":403,"column":3}},"177":{"start":{"line":396,"column":4},"end":{"line":402,"column":5}},"178":{"start":{"line":397,"column":6},"end":{"line":397,"column":33}},"179":{"start":{"line":398,"column":6},"end":{"line":401,"column":7}},"180":{"start":{"line":399,"column":8},"end":{"line":399,"column":30}},"181":{"start":{"line":400,"column":8},"end":{"line":400,"column":13}},"182":{"start":{"line":409,"column":0},"end":{"line":436,"column":1}},"183":{"start":{"line":411,"column":2},"end":{"line":413,"column":4}},"184":{"start":{"line":412,"column":4},"end":{"line":412,"column":26}},"185":{"start":{"line":415,"column":2},"end":{"line":415,"column":35}},"186":{"start":{"line":417,"column":2},"end":{"line":417,"column":30}},"187":{"start":{"line":418,"column":2},"end":{"line":418,"column":29}},"188":{"start":{"line":419,"column":2},"end":{"line":431,"column":3}},"189":{"start":{"line":420,"column":4},"end":{"line":420,"column":17}},"190":{"start":{"line":422,"column":4},"end":{"line":429,"column":5}},"191":{"start":{"line":423,"column":6},"end":{"line":423,"column":28}},"192":{"start":{"line":427,"column":6},"end":{"line":427,"column":40}},"193":{"start":{"line":428,"column":6},"end":{"line":428,"column":54}},"194":{"start":{"line":430,"column":4},"end":{"line":430,"column":29}},"195":{"start":{"line":433,"column":2},"end":{"line":435,"column":3}},"196":{"start":{"line":434,"column":4},"end":{"line":434,"column":34}},"197":{"start":{"line":441,"column":0},"end":{"line":451,"column":1}},"198":{"start":{"line":442,"column":2},"end":{"line":442,"column":32}},"199":{"start":{"line":443,"column":2},"end":{"line":443,"column":25}},"200":{"start":{"line":444,"column":2},"end":{"line":444,"column":27}},"201":{"start":{"line":445,"column":2},"end":{"line":445,"column":39}},"202":{"start":{"line":446,"column":2},"end":{"line":446,"column":41}},"203":{"start":{"line":447,"column":2},"end":{"line":447,"column":43}},"204":{"start":{"line":448,"column":2},"end":{"line":448,"column":45}},"205":{"start":{"line":449,"column":2},"end":{"line":449,"column":22}},"206":{"start":{"line":450,"column":2},"end":{"line":450,"column":28}},"207":{"start":{"line":456,"column":0},"end":{"line":456,"column":42}},"208":{"start":{"line":457,"column":0},"end":{"line":462,"column":2}},"209":{"start":{"line":458,"column":2},"end":{"line":461,"column":3}},"210":{"start":{"line":459,"column":4},"end":{"line":459,"column":35}},"211":{"start":{"line":460,"column":4},"end":{"line":460,"column":50}}},"branchMap":{"1":{"line":16,"type":"if","locations":[{"start":{"line":16,"column":2},"end":{"line":16,"column":2}},{"start":{"line":16,"column":2},"end":{"line":16,"column":2}}]},"2":{"line":24,"type":"cond-expr","locations":[{"start":{"line":24,"column":45},"end":{"line":24,"column":46}},{"start":{"line":24,"column":49},"end":{"line":24,"column":50}}]},"3":{"line":25,"type":"if","locations":[{"start":{"line":25,"column":4},"end":{"line":25,"column":4}},{"start":{"line":25,"column":4},"end":{"line":25,"column":4}}]},"4":{"line":39,"type":"if","locations":[{"start":{"line":39,"column":2},"end":{"line":39,"column":2}},{"start":{"line":39,"column":2},"end":{"line":39,"column":2}}]},"5":{"line":49,"type":"if","locations":[{"start":{"line":49,"column":2},"end":{"line":49,"column":2}},{"start":{"line":49,"column":2},"end":{"line":49,"column":2}}]},"6":{"line":54,"type":"if","locations":[{"start":{"line":54,"column":2},"end":{"line":54,"column":2}},{"start":{"line":54,"column":2},"end":{"line":54,"column":2}}]},"7":{"line":56,"type":"binary-expr","locations":[{"start":{"line":56,"column":22},"end":{"line":56,"column":26}},{"start":{"line":56,"column":30},"end":{"line":56,"column":43}}]},"8":{"line":58,"type":"if","locations":[{"start":{"line":58,"column":8},"end":{"line":58,"column":8}},{"start":{"line":58,"column":8},"end":{"line":58,"column":8}}]},"9":{"line":66,"type":"if","locations":[{"start":{"line":66,"column":4},"end":{"line":66,"column":4}},{"start":{"line":66,"column":4},"end":{"line":66,"column":4}}]},"10":{"line":118,"type":"cond-expr","locations":[{"start":{"line":118,"column":30},"end":{"line":118,"column":39}},{"start":{"line":118,"column":42},"end":{"line":118,"column":58}}]},"11":{"line":130,"type":"cond-expr","locations":[{"start":{"line":130,"column":33},"end":{"line":130,"column":42}},{"start":{"line":130,"column":45},"end":{"line":130,"column":61}}]},"12":{"line":141,"type":"binary-expr","locations":[{"start":{"line":141,"column":14},"end":{"line":141,"column":23}},{"start":{"line":141,"column":27},"end":{"line":141,"column":29}}]},"13":{"line":143,"type":"cond-expr","locations":[{"start":{"line":143,"column":28},"end":{"line":143,"column":37}},{"start":{"line":143,"column":40},"end":{"line":143,"column":42}}]},"14":{"line":173,"type":"if","locations":[{"start":{"line":173,"column":2},"end":{"line":173,"column":2}},{"start":{"line":173,"column":2},"end":{"line":173,"column":2}}]},"15":{"line":197,"type":"if","locations":[{"start":{"line":197,"column":2},"end":{"line":197,"column":2}},{"start":{"line":197,"column":2},"end":{"line":197,"column":2}}]},"16":{"line":207,"type":"binary-expr","locations":[{"start":{"line":207,"column":12},"end":{"line":207,"column":19}},{"start":{"line":207,"column":23},"end":{"line":207,"column":25}}]},"17":{"line":208,"type":"if","locations":[{"start":{"line":208,"column":2},"end":{"line":208,"column":2}},{"start":{"line":208,"column":2},"end":{"line":208,"column":2}}]},"18":{"line":211,"type":"if","locations":[{"start":{"line":211,"column":2},"end":{"line":211,"column":2}},{"start":{"line":211,"column":2},"end":{"line":211,"column":2}}]},"19":{"line":214,"type":"if","locations":[{"start":{"line":214,"column":2},"end":{"line":214,"column":2}},{"start":{"line":214,"column":2},"end":{"line":214,"column":2}}]},"20":{"line":223,"type":"if","locations":[{"start":{"line":223,"column":6},"end":{"line":223,"column":6}},{"start":{"line":223,"column":6},"end":{"line":223,"column":6}}]},"21":{"line":267,"type":"if","locations":[{"start":{"line":267,"column":2},"end":{"line":267,"column":2}},{"start":{"line":267,"column":2},"end":{"line":267,"column":2}}]},"22":{"line":271,"type":"if","locations":[{"start":{"line":271,"column":9},"end":{"line":271,"column":9}},{"start":{"line":271,"column":9},"end":{"line":271,"column":9}}]},"23":{"line":289,"type":"if","locations":[{"start":{"line":289,"column":2},"end":{"line":289,"column":2}},{"start":{"line":289,"column":2},"end":{"line":289,"column":2}}]},"24":{"line":327,"type":"cond-expr","locations":[{"start":{"line":327,"column":41},"end":{"line":327,"column":44}},{"start":{"line":327,"column":47},"end":{"line":327,"column":81}}]},"25":{"line":327,"type":"cond-expr","locations":[{"start":{"line":327,"column":51},"end":{"line":327,"column":54}},{"start":{"line":327,"column":57},"end":{"line":327,"column":81}}]},"26":{"line":327,"type":"cond-expr","locations":[{"start":{"line":327,"column":61},"end":{"line":327,"column":65}},{"start":{"line":327,"column":68},"end":{"line":327,"column":81}}]},"27":{"line":327,"type":"cond-expr","locations":[{"start":{"line":327,"column":72},"end":{"line":327,"column":77}},{"start":{"line":327,"column":80},"end":{"line":327,"column":81}}]},"28":{"line":338,"type":"binary-expr","locations":[{"start":{"line":338,"column":21},"end":{"line":338,"column":26}},{"start":{"line":338,"column":30},"end":{"line":338,"column":33}}]},"29":{"line":346,"type":"if","locations":[{"start":{"line":346,"column":2},"end":{"line":346,"column":2}},{"start":{"line":346,"column":2},"end":{"line":346,"column":2}}]},"30":{"line":353,"type":"if","locations":[{"start":{"line":353,"column":6},"end":{"line":353,"column":6}},{"start":{"line":353,"column":6},"end":{"line":353,"column":6}}]},"31":{"line":385,"type":"cond-expr","locations":[{"start":{"line":385,"column":29},"end":{"line":385,"column":33}},{"start":{"line":385,"column":36},"end":{"line":385,"column":41}}]},"32":{"line":398,"type":"if","locations":[{"start":{"line":398,"column":6},"end":{"line":398,"column":6}},{"start":{"line":398,"column":6},"end":{"line":398,"column":6}}]},"33":{"line":419,"type":"binary-expr","locations":[{"start":{"line":419,"column":9},"end":{"line":419,"column":17}},{"start":{"line":419,"column":22},"end":{"line":419,"column":62}}]},"34":{"line":422,"type":"if","locations":[{"start":{"line":422,"column":4},"end":{"line":422,"column":4}},{"start":{"line":422,"column":4},"end":{"line":422,"column":4}}]},"35":{"line":433,"type":"if","locations":[{"start":{"line":433,"column":2},"end":{"line":433,"column":2}},{"start":{"line":433,"column":2},"end":{"line":433,"column":2}}]}}}}