TN:
SF:/Users/sam/Projects/exam-mock/exam-mock.js
FN:14,mock
FN:37,unmock
FN:40,(anonymous_3)
FN:76,decorateFn
FN:77,(anonymous_5)
FN:87,finishFn
FN:94,(anonymous_7)
FN:95,(anonymous_8)
FN:104,(anonymous_9)
FN:105,fn
FN:116,(anonymous_11)
FN:117,fn
FN:128,(anonymous_13)
FN:129,fn
FN:140,(anonymous_15)
FN:142,fn
FN:153,(anonymous_17)
FN:154,fn
FN:170,(anonymous_19)
FN:185,(anonymous_20)
FN:187,(anonymous_21)
FN:196,(anonymous_22)
FN:206,(anonymous_23)
FN:218,(anonymous_24)
FN:234,(anonymous_25)
FN:236,(anonymous_26)
FN:248,(anonymous_27)
FN:263,MockDate
FN:287,(anonymous_29)
FN:314,(anonymous_30)
FN:315,(anonymous_31)
FN:323,(anonymous_32)
FN:326,(anonymous_33)
FN:336,(anonymous_34)
FN:345,moveTime
FN:350,(anonymous_36)
FN:365,realNow
FN:379,getScheduler
FN:380,(anonymous_39)
FN:393,getUnscheduler
FN:395,(anonymous_41)
FN:409,runSchedules
FN:411,(anonymous_43)
FN:441,(anonymous_44)
FN:457,(anonymous_45)
FN:458,(anonymous_46)
FNF:46
FNH:27
FNDA:15,mock
FNDA:16,unmock
FNDA:0,(anonymous_3)
FNDA:11,decorateFn
FNDA:0,(anonymous_5)
FNDA:18,finishFn
FNDA:0,(anonymous_7)
FNDA:0,(anonymous_8)
FNDA:6,(anonymous_9)
FNDA:7,fn
FNDA:0,(anonymous_11)
FNDA:0,fn
FNDA:2,(anonymous_13)
FNDA:6,fn
FNDA:3,(anonymous_15)
FNDA:5,fn
FNDA:0,(anonymous_17)
FNDA:0,fn
FNDA:0,(anonymous_19)
FNDA:0,(anonymous_20)
FNDA:0,(anonymous_21)
FNDA:0,(anonymous_22)
FNDA:0,(anonymous_23)
FNDA:0,(anonymous_24)
FNDA:0,(anonymous_25)
FNDA:0,(anonymous_26)
FNDA:4,(anonymous_27)
FNDA:1,MockDate
FNDA:29,(anonymous_29)
FNDA:46,(anonymous_30)
FNDA:1,(anonymous_31)
FNDA:6,(anonymous_32)
FNDA:6,(anonymous_33)
FNDA:1,(anonymous_34)
FNDA:2,moveTime
FNDA:1,(anonymous_36)
FNDA:22,realNow
FNDA:8,getScheduler
FNDA:1,(anonymous_39)
FNDA:8,getUnscheduler
FNDA:0,(anonymous_41)
FNDA:6,runSchedules
FNDA:0,(anonymous_43)
FNDA:4,(anonymous_44)
FNDA:3,(anonymous_45)
FNDA:0,(anonymous_46)
DA:4,1
DA:9,1
DA:14,1
DA:15,15
DA:16,15
DA:17,3
DA:18,3
DA:23,15
DA:24,15
DA:25,15
DA:26,6
DA:28,15
DA:30,15
DA:31,15
DA:37,1
DA:39,16
DA:40,0
DA:41,0
DA:43,0
DA:44,0
DA:45,0
DA:46,0
DA:49,16
DA:50,4
DA:53,16
DA:54,16
DA:55,15
DA:56,30
DA:57,30
DA:58,44
DA:59,10
DA:61,34
DA:66,15
DA:67,11
DA:70,16
DA:76,1
DA:77,11
DA:78,0
DA:79,0
DA:81,11
DA:87,1
DA:88,18
DA:94,1
DA:95,0
DA:96,0
DA:98,0
DA:104,1
DA:105,1
DA:106,7
DA:107,7
DA:109,6
DA:110,6
DA:116,1
DA:117,1
DA:118,0
DA:119,0
DA:121,0
DA:122,0
DA:128,1
DA:129,1
DA:130,6
DA:131,6
DA:133,2
DA:134,2
DA:140,1
DA:141,3
DA:142,1
DA:143,5
DA:144,5
DA:146,3
DA:147,3
DA:153,1
DA:154,1
DA:155,0
DA:156,0
DA:157,0
DA:158,0
DA:160,0
DA:161,0
DA:165,1
DA:170,1
DA:171,0
DA:172,0
DA:173,0
DA:174,0
DA:176,0
DA:177,0
DA:179,0
DA:185,1
DA:186,0
DA:187,0
DA:188,0
DA:190,0
DA:196,1
DA:197,0
DA:198,0
DA:199,0
DA:206,1
DA:207,0
DA:208,0
DA:209,0
DA:211,0
DA:212,0
DA:214,0
DA:215,0
DA:217,0
DA:218,0
DA:219,0
DA:220,0
DA:221,0
DA:222,0
DA:223,0
DA:224,0
DA:227,0
DA:234,1
DA:235,0
DA:236,0
DA:237,0
DA:242,1
DA:243,1
DA:248,1
DA:249,4
DA:250,4
DA:251,4
DA:252,4
DA:253,4
DA:254,4
DA:255,4
DA:256,4
DA:257,4
DA:263,1
DA:265,1
DA:267,1
DA:268,0
DA:271,1
DA:272,0
DA:276,1
DA:278,1
DA:287,1
DA:289,29
DA:290,20
DA:294,9
DA:299,1
DA:300,1
DA:303,1
DA:314,1
DA:315,46
DA:316,1
DA:323,1
DA:324,6
DA:325,6
DA:326,6
DA:327,6
DA:329,6
DA:336,1
DA:338,1
DA:339,1
DA:345,1
DA:346,2
DA:348,1
DA:350,1
DA:351,1
DA:352,1
DA:353,1
DA:354,1
DA:355,1
DA:357,1
DA:365,1
DA:367,22
DA:373,1
DA:374,1
DA:379,1
DA:380,8
DA:381,1
DA:393,1
DA:395,8
DA:396,0
DA:397,0
DA:398,0
DA:399,0
DA:400,0
DA:409,1
DA:411,6
DA:412,0
DA:415,6
DA:417,6
DA:418,6
DA:419,6
DA:420,1
DA:422,1
DA:423,1
DA:427,0
DA:428,0
DA:430,1
DA:433,6
DA:434,0
DA:441,1
DA:442,4
DA:443,4
DA:444,4
DA:445,4
DA:446,4
DA:447,4
DA:448,4
DA:449,4
DA:450,4
DA:456,1
DA:457,1
DA:458,3
DA:459,0
DA:460,0
LF:211
LH:144
BRDA:16,1,0,3
BRDA:16,1,1,12
BRDA:24,2,0,5
BRDA:24,2,1,10
BRDA:25,3,0,6
BRDA:25,3,1,9
BRDA:39,4,0,0
BRDA:39,4,1,16
BRDA:49,5,0,4
BRDA:49,5,1,12
BRDA:54,6,0,15
BRDA:54,6,1,1
BRDA:56,7,0,30
BRDA:56,7,1,22
BRDA:58,8,0,10
BRDA:58,8,1,34
BRDA:66,9,0,11
BRDA:66,9,1,4
BRDA:118,10,0,0
BRDA:118,10,1,0
BRDA:130,11,0,3
BRDA:130,11,1,3
BRDA:141,12,0,3
BRDA:141,12,1,2
BRDA:143,13,0,2
BRDA:143,13,1,3
BRDA:173,14,0,0
BRDA:173,14,1,0
BRDA:197,15,0,0
BRDA:197,15,1,0
BRDA:207,16,0,0
BRDA:207,16,1,0
BRDA:208,17,0,0
BRDA:208,17,1,0
BRDA:211,18,0,0
BRDA:211,18,1,0
BRDA:214,19,0,0
BRDA:214,19,1,0
BRDA:223,20,0,0
BRDA:223,20,1,0
BRDA:267,21,0,0
BRDA:267,21,1,1
BRDA:271,22,0,0
BRDA:271,22,1,1
BRDA:289,23,0,20
BRDA:289,23,1,9
BRDA:327,24,0,1
BRDA:327,24,1,5
BRDA:327,25,0,1
BRDA:327,25,1,4
BRDA:327,26,0,1
BRDA:327,26,1,3
BRDA:327,27,0,1
BRDA:327,27,1,2
BRDA:338,28,0,1
BRDA:338,28,1,0
BRDA:346,29,0,1
BRDA:346,29,1,1
BRDA:353,30,0,1
BRDA:353,30,1,0
BRDA:385,31,0,0
BRDA:385,31,1,1
BRDA:398,32,0,0
BRDA:398,32,1,0
BRDA:419,33,0,7
BRDA:419,33,1,1
BRDA:422,34,0,1
BRDA:422,34,1,0
BRDA:433,35,0,0
BRDA:433,35,1,6
BRF:70
BRH:44
end_of_record
